<?xml version="1.0" encoding="UTF-8"?>
<!-- Generated by org.testng.reporters.JUnitReportReporter -->
<testsuite hostname="CLAP3934" failures="0" tests="1" name="cucumber.TestRunner" time="5.169" errors="1" timestamp="2024-07-30T19:08:45 IST" skipped="0">
  <testcase classname="cucumber.TestRunner" name="runScenario" time="5.169">
    <error message="Cannot invoke &quot;org.openqa.selenium.WebElement.findElement(org.openqa.selenium.By)&quot; because &quot;pro&quot; is null" type="java.lang.NullPointerException">
      <![CDATA[java.lang.NullPointerException: Cannot invoke "org.openqa.selenium.WebElement.findElement(org.openqa.selenium.By)" because "pro" is null
at automation.pageObjects.productCatalogue.addProdtoCart(productCatalogue.java:50)
at automation.StepDefinition.StepDefinition.I_add_product_to_the_cart(StepDefinition.java:41)
at âœ½.I add product <prodcutName> to the cart(file:///C:/Users/ansuman.pati/eclipse-workspace/SeleniumFrameworkDesign/src/test/java/cucumber/PurchaseOrder.feature:12)
]]>
    </error>
  </testcase> <!-- runScenario -->
  <system-out/>
</testsuite> <!-- cucumber.TestRunner -->
